# JRE version: Java(TM) SE Runtime Environment (11.0.1+13) (build 11.0.1+13-LTS)
# Java VM: Java HotSpot(TM) 64-Bit Server VM (11.0.1+13-LTS, mixed mode, tiered, compressed oops, g1 gc, windows-amd64)
Heap:
 garbage-first heap   total 260096K, used 73844K [0x0000000702000000, 0x0000000800000000)
  region size 1024K, 70 young (71680K), 1 survivors (1024K)
 Metaspace       used 12259K, capacity 12524K, committed 12672K, reserved 1060864K
  class space    used 1229K, capacity 1324K, committed 1408K, reserved 1048576K
GC Heap History (10 events):
Event: 1.338 GC heap before
{Heap before GC invocations=2 (full 0):
 garbage-first heap   total 260096K, used 23035K [0x0000000702000000, 0x0000000800000000)
  region size 1024K, 19 young (19456K), 1 survivors (1024K)
 Metaspace       used 12235K, capacity 12524K, committed 12672K, reserved 1060864K
  class space    used 1227K, capacity 1324K, committed 1408K, reserved 1048576K
}
Event: 1.338 GC heap after
{Heap after GC invocations=3 (full 0):
 garbage-first heap   total 260096K, used 4257K [0x0000000702000000, 0x0000000800000000)
  region size 1024K, 1 young (1024K), 1 survivors (1024K)
 Metaspace       used 12235K, capacity 12524K, committed 12672K, reserved 1060864K
  class space    used 1227K, capacity 1324K, committed 1408K, reserved 1048576K
}
Event: 1.534 GC heap before
{Heap before GC invocations=3 (full 0):
 garbage-first heap   total 260096K, used 158881K [0x0000000702000000, 0x0000000800000000)
  region size 1024K, 152 young (155648K), 1 survivors (1024K)
 Metaspace       used 12239K, capacity 12524K, committed 12672K, reserved 1060864K
  class space    used 1227K, capacity 1324K, committed 1408K, reserved 1048576K
}
Event: 1.535 GC heap after
{Heap after GC invocations=4 (full 0):
 garbage-first heap   total 260096K, used 4233K [0x0000000702000000, 0x0000000800000000)
  region size 1024K, 1 young (1024K), 1 survivors (1024K)
 Metaspace       used 12239K, capacity 12524K, committed 12672K, reserved 1060864K
  class space    used 1227K, capacity 1324K, committed 1408K, reserved 1048576K
}
Event: 1.669 GC heap before
{Heap before GC invocations=4 (full 0):
 garbage-first heap   total 260096K, used 158857K [0x0000000702000000, 0x0000000800000000)
  region size 1024K, 152 young (155648K), 1 survivors (1024K)
 Metaspace       used 12240K, capacity 12524K, committed 12672K, reserved 1060864K
  class space    used 1227K, capacity 1324K, committed 1408K, reserved 1048576K
}
Event: 1.669 GC heap after
{Heap after GC invocations=5 (full 0):
 garbage-first heap   total 260096K, used 4214K [0x0000000702000000, 0x0000000800000000)
  region size 1024K, 1 young (1024K), 1 survivors (1024K)
 Metaspace       used 12240K, capacity 12524K, committed 12672K, reserved 1060864K
  class space    used 1227K, capacity 1324K, committed 1408K, reserved 1048576K
}
Event: 1.802 GC heap before
{Heap before GC invocations=5 (full 0):
 garbage-first heap   total 260096K, used 158838K [0x0000000702000000, 0x0000000800000000)
  region size 1024K, 152 young (155648K), 1 survivors (1024K)
 Metaspace       used 12241K, capacity 12524K, committed 12672K, reserved 1060864K
  class space    used 1227K, capacity 1324K, committed 1408K, reserved 1048576K
}
Event: 1.802 GC heap after
{Heap after GC invocations=6 (full 0):
 garbage-first heap   total 260096K, used 4212K [0x0000000702000000, 0x0000000800000000)
  region size 1024K, 1 young (1024K), 1 survivors (1024K)
 Metaspace       used 12241K, capacity 12524K, committed 12672K, reserved 1060864K
  class space    used 1227K, capacity 1324K, committed 1408K, reserved 1048576K
}
Event: 1.936 GC heap before
{Heap before GC invocations=6 (full 0):
 garbage-first heap   total 260096K, used 158836K [0x0000000702000000, 0x0000000800000000)
  region size 1024K, 152 young (155648K), 1 survivors (1024K)
 Metaspace       used 12244K, capacity 12524K, committed 12672K, reserved 1060864K
  class space    used 1227K, capacity 1324K, committed 1408K, reserved 1048576K
}
Event: 1.936 GC heap after
{Heap after GC invocations=7 (full 0):
 garbage-first heap   total 260096K, used 4212K [0x0000000702000000, 0x0000000800000000)
  region size 1024K, 1 young (1024K), 1 survivors (1024K)
 Metaspace       used 12244K, capacity 12524K, committed 12672K, reserved 1060864K
  class space    used 1227K, capacity 1324K, committed 1408K, reserved 1048576K
}

